2021/03/16 14:31:31 
2021/03/16 14:31:31                      com0com
2021/03/16 14:31:31 +-------+       +---------------+     +------+       +------+
2021/03/16 14:31:31 |  POS  | <---> | COM3 --- COM2 |     | COM1 | <---> | PRNT |
2021/03/16 14:31:31 +-------+       +---------------+     +------+       +------+
2021/03/16 14:31:31                              |           |
2021/03/16 14:31:31                              +-- agent --+
2021/03/16 14:31:31 
2021/03/16 14:31:31 [ws] connected to ws://tric.kr:8081/
2021/03/16 14:31:31 [ws] received message: {"Command": "Okay", "Message": ""}
2021/03/22 15:20:12 
2021/03/22 15:20:12                      com0com
2021/03/22 15:20:12 +-------+       +---------------+     +------+       +------+
2021/03/22 15:20:12 |  POS  | <---> | COM3 --- COM2 |     | COM1 | <---> | PRNT |
2021/03/22 15:20:12 +-------+       +---------------+     +------+       +------+
2021/03/22 15:20:12                              |           |
2021/03/22 15:20:12                              +-- agent --+
2021/03/22 15:20:12 
2021/03/22 15:20:12 [agent] serial.Open: Access is denied.
2021/03/22 15:20:50 
2021/03/22 15:20:50                      com0com
2021/03/22 15:20:50 +-------+       +---------------+     +------+       +------+
2021/03/22 15:20:50 |  POS  | <---> | COM3 --- COM2 |     | COM1 | <---> | PRNT |
2021/03/22 15:20:50 +-------+       +---------------+     +------+       +------+
2021/03/22 15:20:50                              |           |
2021/03/22 15:20:50                              +-- agent --+
2021/03/22 15:20:50 
2021/03/22 15:20:50 [ws] connected to ws://tric.kr:8081/
2021/03/22 15:20:50 [ws] received message: {"Command": "Okay", "Message": ""}
2021/03/22 15:20:54 navigate: https://tric.kr/pos/pairing/827617
2021/03/22 15:20:55 [agent] Interface error: *webview.webview
2021/03/22 15:29:29 
2021/03/22 15:29:29                      com0com
2021/03/22 15:29:29 +-------+       +---------------+     +------+       +------+
2021/03/22 15:29:29 |  POS  | <---> | COM3 --- COM2 |     | COM1 | <---> | PRNT |
2021/03/22 15:29:29 +-------+       +---------------+     +------+       +------+
2021/03/22 15:29:29                              |           |
2021/03/22 15:29:29                              +-- agent --+
2021/03/22 15:29:29 
2021/03/22 15:29:29 [ws] connected to ws://tric.kr:8081/
2021/03/22 15:29:29 [ws] received message: {"Command": "Okay", "Message": ""}
2021/03/22 15:29:34 navigate: https://tric.kr/pos/pairing/827617
2021/03/22 15:29:36 navigate: https://tric.kr/pos/registered/827617
2021/03/22 15:40:35 
2021/03/22 15:40:35                      com0com
2021/03/22 15:40:35 +-------+       +---------------+     +------+       +------+
2021/03/22 15:40:35 |  POS  | <---> | COM3 --- COM2 |     | COM1 | <---> | PRNT |
2021/03/22 15:40:35 +-------+       +---------------+     +------+       +------+
2021/03/22 15:40:35                              |           |
2021/03/22 15:40:35                              +-- agent --+
2021/03/22 15:40:35 
2021/03/22 15:40:35 [ws] connected to ws://tric.kr:8081/
2021/03/22 15:40:35 [ws] received message: {"Command": "Okay", "Message": ""}
2021/03/22 15:40:40 navigate: https://tric.kr/pos/pairing/827617
2021/03/22 15:40:45 navigate: https://tric.kr/pos/registered/827617
2021/03/22 15:41:44 
2021/03/22 15:41:44                      com0com
2021/03/22 15:41:44 +-------+       +---------------+     +------+       +------+
2021/03/22 15:41:44 |  POS  | <---> | COM3 --- COM2 |     | COM1 | <---> | PRNT |
2021/03/22 15:41:44 +-------+       +---------------+     +------+       +------+
2021/03/22 15:41:44                              |           |
2021/03/22 15:41:44                              +-- agent --+
2021/03/22 15:41:44 
2021/03/22 15:41:44 [ws] connected to ws://tric.kr:8081/
2021/03/22 15:41:44 [ws] received message: {"Command": "Okay", "Message": ""}
2021/03/22 15:41:46 navigate: https://tric.kr/pos/pairing/827617
2021/03/22 15:41:50 navigate: https://tric.kr/pos/registered/827617
2021/03/22 15:43:01 
2021/03/22 15:43:01                      com0com
2021/03/22 15:43:01 +-------+       +---------------+     +------+       +------+
2021/03/22 15:43:01 |  POS  | <---> | COM3 --- COM2 |     | COM1 | <---> | PRNT |
2021/03/22 15:43:01 +-------+       +---------------+     +------+       +------+
2021/03/22 15:43:01                              |           |
2021/03/22 15:43:01                              +-- agent --+
2021/03/22 15:43:01 
2021/03/22 15:43:01 [ws] connected to ws://tric.kr:8081/
2021/03/22 15:43:01 [ws] received message: {"Command": "Okay", "Message": ""}
2021/03/22 15:43:03 navigate: https://tric.kr/pos/pairing/827617
2021/03/22 15:43:07 navigate: https://tric.kr/pos/registered/827617
2021/03/22 15:43:14 navigate: https://tric.kr/pos/registered/827617
2021/03/22 15:44:09 
2021/03/22 15:44:09                      com0com
2021/03/22 15:44:09 +-------+       +---------------+     +------+       +------+
2021/03/22 15:44:09 |  POS  | <---> | COM3 --- COM2 |     | COM1 | <---> | PRNT |
2021/03/22 15:44:09 +-------+       +---------------+     +------+       +------+
2021/03/22 15:44:09                              |           |
2021/03/22 15:44:09                              +-- agent --+
2021/03/22 15:44:09 
2021/03/22 15:44:09 [ws] connected to ws://tric.kr:8081/
2021/03/22 15:44:09 [ws] received message: {"Command": "Okay", "Message": ""}
2021/03/22 15:44:14 navigate: https://tric.kr/pos/pairing/827617
2021/03/22 15:44:18 navigate: https://tric.kr/pos/registered/827617
2021/03/22 15:44:29 navigate: https://tric.kr/pos/pairing/827617
